[     762ms] [INFO] %cDownload the React DevTools for a better development experience: https://react.dev/link/react-devtools font-weight:bold @ http://localhost:3000/_next/static/chunks/1eh9_next_dist_0jat1ap._.js:2477
[     946ms] [LOG] [HMR] connected @ http://localhost:3000/_next/static/chunks/1eh9_next_dist_0jat1ap._.js:2477
[    1871ms] [LOG] %c[Vercel Web Analytics]%c Debug mode is enabled by default in development. No requests will be sent to the server. color: rgb(120, 120, 120) color: inherit @ http://localhost:3000/_next/static/chunks/1eh9_next_dist_0jat1ap._.js:2477
[    1872ms] [LOG] %c[Vercel Web Analytics]%c Running queued event color: rgb(120, 120, 120) color: inherit pageview {route: /, path: /} @ http://localhost:3000/_next/static/chunks/1eh9_next_dist_0jat1ap._.js:2477
[    1874ms] [LOG] %c[Vercel Web Analytics]%c [view] http://localhost:3000/ color: rgb(120, 120, 120) color: inherit {o: http://localhost:3000/, sv: 0.1.3, sdkn: @vercel/analytics/next, sdkv: 2.0.1, ts: 1782420475836} /_vercel/insights/view @ http://localhost:3000/_next/static/chunks/1eh9_next_dist_0jat1ap._.js:2477
[  433569ms] [LOG] [Fast Refresh] rebuilding @ http://localhost:3000/_next/static/chunks/1eh9_next_dist_0jat1ap._.js:2477
[  433793ms] [LOG] [Fast Refresh] done in 235ms @ http://localhost:3000/_next/static/chunks/1eh9_next_dist_0jat1ap._.js:2477
[  433896ms] [LOG] [Fast Refresh] rebuilding @ http://localhost:3000/_next/static/chunks/1eh9_next_dist_0jat1ap._.js:2477
[  434090ms] [LOG] [Fast Refresh] done in 295ms @ http://localhost:3000/_next/static/chunks/1eh9_next_dist_0jat1ap._.js:2477
[  434207ms] [LOG] [Fast Refresh] rebuilding @ http://localhost:3000/_next/static/chunks/1eh9_next_dist_0jat1ap._.js:2477
[  434371ms] [LOG] [Fast Refresh] done in 271ms @ http://localhost:3000/_next/static/chunks/1eh9_next_dist_0jat1ap._.js:2477
[  434479ms] [LOG] [Fast Refresh] rebuilding @ http://localhost:3000/_next/static/chunks/1eh9_next_dist_0jat1ap._.js:2477
[  434479ms] [LOG] [Fast Refresh] done in 108ms @ http://localhost:3000/_next/static/chunks/1eh9_next_dist_0jat1ap._.js:2477
[  434684ms] [ERROR] Failed to load resource: the server responded with a status of 500 (Internal Server Error) @ http://localhost:3000/:0
[  435065ms] [INFO] %cDownload the React DevTools for a better development experience: https://react.dev/link/react-devtools font-weight:bold @ http://localhost:3000/_next/static/chunks/1eh9_next_dist_0jat1ap._.js:2477
[  435231ms] [LOG] [HMR] connected @ http://localhost:3000/_next/static/chunks/1eh9_next_dist_0jat1ap._.js:2477
[  435347ms] ReferenceError: geist is not defined
    at RootLayout (about://React/Server/D:%5Cjuandiplay%5Caureo-landing%5C.next%5Cdev%5Cserver%5Cchunks%5Cssr%5C%5Broot-of-the-server%5D__01fq9-a._.js?0:100:495)
    at resolveErrorDev (http://localhost:3000/_next/static/chunks/1eh9_next_dist_compiled_react-server-dom-turbopack_0fb0mlk._.js:1919:105)
    at processFullStringRow (http://localhost:3000/_next/static/chunks/1eh9_next_dist_compiled_react-server-dom-turbopack_0fb0mlk._.js:2434:29)
    at processFullBinaryRow (http://localhost:3000/_next/static/chunks/1eh9_next_dist_compiled_react-server-dom-turbopack_0fb0mlk._.js:2393:9)
    at processBinaryChunk (http://localhost:3000/_next/static/chunks/1eh9_next_dist_compiled_react-server-dom-turbopack_0fb0mlk._.js:2502:221)
    at progress (http://localhost:3000/_next/static/chunks/1eh9_next_dist_compiled_react-server-dom-turbopack_0fb0mlk._.js:2689:13)
[  436334ms] [LOG] [Fast Refresh] rebuilding @ http://localhost:3000/_next/static/chunks/1eh9_next_dist_0jat1ap._.js:2477
[  436394ms] [LOG] [Fast Refresh] done in 133ms @ http://localhost:3000/_next/static/chunks/1eh9_next_dist_0jat1ap._.js:2477
[  436509ms] [LOG] [Fast Refresh] rebuilding @ http://localhost:3000/_next/static/chunks/1eh9_next_dist_0jat1ap._.js:2477
[  436868ms] [LOG] [Fast Refresh] done in 470ms @ http://localhost:3000/_next/static/chunks/1eh9_next_dist_0jat1ap._.js:2477
[  436894ms] [ERROR] Failed to load resource: the server responded with a status of 500 (Internal Server Error) @ http://localhost:3000/:0
[  437036ms] [INFO] %cDownload the React DevTools for a better development experience: https://react.dev/link/react-devtools font-weight:bold @ http://localhost:3000/_next/static/chunks/1eh9_next_dist_0jat1ap._.js:2477
[  437086ms] [LOG] [HMR] connected @ http://localhost:3000/_next/static/chunks/1eh9_next_dist_0jat1ap._.js:2477
[  437170ms] ReferenceError: geist is not defined
    at RootLayout (about://React/Server/D:%5Cjuandiplay%5Caureo-landing%5C.next%5Cdev%5Cserver%5Cchunks%5Cssr%5C%5Broot-of-the-server%5D__01fq9-a._.js?0:100:495)
    at resolveErrorDev (http://localhost:3000/_next/static/chunks/1eh9_next_dist_compiled_react-server-dom-turbopack_0fb0mlk._.js:1919:105)
    at processFullStringRow (http://localhost:3000/_next/static/chunks/1eh9_next_dist_compiled_react-server-dom-turbopack_0fb0mlk._.js:2434:29)
    at processFullBinaryRow (http://localhost:3000/_next/static/chunks/1eh9_next_dist_compiled_react-server-dom-turbopack_0fb0mlk._.js:2393:9)
    at processBinaryChunk (http://localhost:3000/_next/static/chunks/1eh9_next_dist_compiled_react-server-dom-turbopack_0fb0mlk._.js:2502:221)
    at progress (http://localhost:3000/_next/static/chunks/1eh9_next_dist_compiled_react-server-dom-turbopack_0fb0mlk._.js:2689:13)
[  440221ms] [WARNING] The resource http://localhost:3000/_next/static/media/83afe278b6a6bb3c-s.p.2bn3s6zvc0dyp.woff2 was preloaded using link preload but not used within a few seconds from the window's load event. Please make sure it has an appropriate `as` value and it is preloaded intentionally. @ http://localhost:3000/:0
[  443750ms] [LOG] [Fast Refresh] rebuilding @ http://localhost:3000/_next/static/chunks/1eh9_next_dist_0jat1ap._.js:2477
[  443761ms] [LOG] [Fast Refresh] done in 82ms @ http://localhost:3000/_next/static/chunks/1eh9_next_dist_0jat1ap._.js:2477
[  443869ms] [LOG] [Fast Refresh] rebuilding @ http://localhost:3000/_next/static/chunks/1eh9_next_dist_0jat1ap._.js:2477
[  444141ms] [LOG] [Fast Refresh] done in 375ms @ http://localhost:3000/_next/static/chunks/1eh9_next_dist_0jat1ap._.js:2477
[  444271ms] [INFO] %cDownload the React DevTools for a better development experience: https://react.dev/link/react-devtools font-weight:bold @ http://localhost:3000/_next/static/chunks/1eh9_next_dist_0jat1ap._.js:2477
[  444321ms] [LOG] [HMR] connected @ http://localhost:3000/_next/static/chunks/1eh9_next_dist_0jat1ap._.js:2477
[  444489ms] [LOG] %c[Vercel Web Analytics]%c Debug mode is enabled by default in development. No requests will be sent to the server. color: rgb(120, 120, 120) color: inherit @ http://localhost:3000/_next/static/chunks/1eh9_next_dist_0jat1ap._.js:2477
[  444490ms] [LOG] %c[Vercel Web Analytics]%c Running queued event color: rgb(120, 120, 120) color: inherit pageview {route: /, path: /} @ http://localhost:3000/_next/static/chunks/1eh9_next_dist_0jat1ap._.js:2477
[  444491ms] [LOG] %c[Vercel Web Analytics]%c [view] http://localhost:3000/ color: rgb(120, 120, 120) color: inherit {o: http://localhost:3000/, sv: 0.1.3, sdkn: @vercel/analytics/next, sdkv: 2.0.1, ts: 1782420918454} /_vercel/insights/view @ http://localhost:3000/_next/static/chunks/1eh9_next_dist_0jat1ap._.js:2477
[  447501ms] [WARNING] The resource http://localhost:3000/_next/static/media/83afe278b6a6bb3c-s.p.2bn3s6zvc0dyp.woff2 was preloaded using link preload but not used within a few seconds from the window's load event. Please make sure it has an appropriate `as` value and it is preloaded intentionally. @ http://localhost:3000/:0
[  448696ms] [LOG] [Fast Refresh] rebuilding @ http://localhost:3000/_next/static/chunks/1eh9_next_dist_0jat1ap._.js:2477
[  448760ms] [LOG] [Fast Refresh] done in 152ms @ http://localhost:3000/_next/static/chunks/1eh9_next_dist_0jat1ap._.js:2477
[  448869ms] [LOG] [Fast Refresh] rebuilding @ http://localhost:3000/_next/static/chunks/1eh9_next_dist_0jat1ap._.js:2477
[  448956ms] [LOG] [Fast Refresh] done in 190ms @ http://localhost:3000/_next/static/chunks/1eh9_next_dist_0jat1ap._.js:2477
[  512709ms] [LOG] [Fast Refresh] rebuilding @ http://localhost:3000/_next/static/chunks/1eh9_next_dist_0jat1ap._.js:2477
[  512777ms] [LOG] [Fast Refresh] done in 175ms @ http://localhost:3000/_next/static/chunks/1eh9_next_dist_0jat1ap._.js:2477
[  512915ms] [LOG] [Fast Refresh] rebuilding @ http://localhost:3000/_next/static/chunks/1eh9_next_dist_0jat1ap._.js:2477
[  512936ms] [LOG] [Fast Refresh] done in 127ms @ http://localhost:3000/_next/static/chunks/1eh9_next_dist_0jat1ap._.js:2477
[  514439ms] [LOG] [Fast Refresh] rebuilding @ http://localhost:3000/_next/static/chunks/1eh9_next_dist_0jat1ap._.js:2477
[  514487ms] [LOG] [Fast Refresh] done in 151ms @ http://localhost:3000/_next/static/chunks/1eh9_next_dist_0jat1ap._.js:2477
[  648350ms] [LOG] [Fast Refresh] rebuilding @ http://localhost:3000/_next/static/chunks/1eh9_next_dist_0jat1ap._.js:2477
[  648360ms] [LOG] [Fast Refresh] done in 115ms @ http://localhost:3000/_next/static/chunks/1eh9_next_dist_0jat1ap._.js:2477
[  651454ms] [LOG] [Fast Refresh] rebuilding @ http://localhost:3000/_next/static/chunks/1eh9_next_dist_0jat1ap._.js:2477
[  651455ms] [LOG] [Fast Refresh] done in 110ms @ http://localhost:3000/_next/static/chunks/1eh9_next_dist_0jat1ap._.js:2477
[  681710ms] [ERROR] WebSocket connection to 'ws://localhost:3000/_next/webpack-hmr?id=eKD8bjuqRWocGRd3icnRO' failed: Error in connection establishment: net::ERR_CONNECTION_REFUSED @ http://localhost:3000/_next/static/chunks/1eh9_next_dist_client_145sr53._.js:13422
[  685048ms] [ERROR] WebSocket connection to 'ws://localhost:3000/_next/webpack-hmr?id=eKD8bjuqRWocGRd3icnRO' failed: Error in connection establishment: net::ERR_CONNECTION_REFUSED @ http://localhost:3000/_next/static/chunks/1eh9_next_dist_client_145sr53._.js:13422
[  688383ms] [ERROR] WebSocket connection to 'ws://localhost:3000/_next/webpack-hmr?id=eKD8bjuqRWocGRd3icnRO' failed: Error in connection establishment: net::ERR_CONNECTION_REFUSED @ http://localhost:3000/_next/static/chunks/1eh9_next_dist_client_145sr53._.js:13422
[  691719ms] [ERROR] WebSocket connection to 'ws://localhost:3000/_next/webpack-hmr?id=eKD8bjuqRWocGRd3icnRO' failed: Error in connection establishment: net::ERR_CONNECTION_REFUSED @ http://localhost:3000/_next/static/chunks/1eh9_next_dist_client_145sr53._.js:13422
[  695080ms] [ERROR] WebSocket connection to 'ws://localhost:3000/_next/webpack-hmr?id=eKD8bjuqRWocGRd3icnRO' failed: Error in connection establishment: net::ERR_CONNECTION_REFUSED @ http://localhost:3000/_next/static/chunks/1eh9_next_dist_client_145sr53._.js:13422
[  702408ms] [ERROR] WebSocket connection to 'ws://localhost:3000/_next/webpack-hmr?id=eKD8bjuqRWocGRd3icnRO' failed: Error in connection establishment: net::ERR_CONNECTION_REFUSED @ http://localhost:3000/_next/static/chunks/1eh9_next_dist_client_145sr53._.js:13422
[  709775ms] [ERROR] WebSocket connection to 'ws://localhost:3000/_next/webpack-hmr?id=eKD8bjuqRWocGRd3icnRO' failed: Error in connection establishment: net::ERR_CONNECTION_REFUSED @ http://localhost:3000/_next/static/chunks/1eh9_next_dist_client_145sr53._.js:13422
[  717154ms] [ERROR] WebSocket connection to 'ws://localhost:3000/_next/webpack-hmr?id=eKD8bjuqRWocGRd3icnRO' failed: Error in connection establishment: net::ERR_CONNECTION_REFUSED @ http://localhost:3000/_next/static/chunks/1eh9_next_dist_client_145sr53._.js:13422
[  724523ms] [ERROR] WebSocket connection to 'ws://localhost:3000/_next/webpack-hmr?id=eKD8bjuqRWocGRd3icnRO' failed: Error in connection establishment: net::ERR_CONNECTION_REFUSED @ http://localhost:3000/_next/static/chunks/1eh9_next_dist_client_145sr53._.js:13422
[  731911ms] [ERROR] WebSocket connection to 'ws://localhost:3000/_next/webpack-hmr?id=eKD8bjuqRWocGRd3icnRO' failed: Error in connection establishment: net::ERR_CONNECTION_REFUSED @ http://localhost:3000/_next/static/chunks/1eh9_next_dist_client_145sr53._.js:13422
[  739290ms] [ERROR] WebSocket connection to 'ws://localhost:3000/_next/webpack-hmr?id=eKD8bjuqRWocGRd3icnRO' failed: Error in connection establishment: net::ERR_CONNECTION_REFUSED @ http://localhost:3000/_next/static/chunks/1eh9_next_dist_client_145sr53._.js:13422
[  746783ms] [ERROR] WebSocket connection to 'ws://localhost:3000/_next/webpack-hmr?id=eKD8bjuqRWocGRd3icnRO' failed: Error in connection establishment: net::ERR_CONNECTION_REFUSED @ http://localhost:3000/_next/static/chunks/1eh9_next_dist_client_145sr53._.js:13422
